# JRE version: OpenJDK Runtime Environment Temurin-17.0.12+7 (17.0.12+7) (build 17.0.12+7)
# Java VM: OpenJDK 64-Bit Server VM Temurin-17.0.12+7 (17.0.12+7, mixed mode, tiered, compressed oops, compressed class ptrs, parallel gc, windows-amd64)
GC Precious Log:
 CPUs: 8 total, 8 available
 Memory: 7859M
 Large Page Support: Disabled
 NUMA Support: Disabled
 Compressed Oops: Enabled (32-bit)
 Alignments: Space 512K, Generation 512K, Heap 2M
 Heap Min Capacity: 100M
 Heap Initial Capacity: 100M
 Heap Max Capacity: 1G
 Pre-touch: Disabled
 Parallel Workers: 8
Heap:
 PSYoungGen      total 6144K, used 3083K [0x00000000eab00000, 0x00000000eb300000, 0x0000000100000000)
  eden space 5632K, 45% used [0x00000000eab00000,0x00000000ead834d0,0x00000000eb080000)
  from space 512K, 99% used [0x00000000eb280000,0x00000000eb2ff9b0,0x00000000eb300000)
  to   space 1024K, 0% used [0x00000000eb180000,0x00000000eb180000,0x00000000eb280000)
 ParOldGen       total 121344K, used 83361K [0x00000000c0000000, 0x00000000c7680000, 0x00000000eab00000)
  object space 121344K, 68% used [0x00000000c0000000,0x00000000c5168480,0x00000000c7680000)
 Metaspace       used 86009K, committed 87296K, reserved 1179648K
  class space    used 9010K, committed 9536K, reserved 1048576K
GC Heap History (20 events):
Event: 6233.665 GC heap before
{Heap before GC invocations=1182 (full 27):
 PSYoungGen      total 6656K, used 6452K [0x00000000eab00000, 0x00000000eb380000, 0x0000000100000000)
  eden space 5632K, 100% used [0x00000000eab00000,0x00000000eb080000,0x00000000eb080000)
  from space 1024K, 80% used [0x00000000eb280000,0x00000000eb34d220,0x00000000eb380000)
  to   space 1024K, 0% used [0x00000000eb080000,0x00000000eb080000,0x00000000eb180000)
 ParOldGen       total 121344K, used 73911K [0x00000000c0000000, 0x00000000c7680000, 0x00000000eab00000)
  object space 121344K, 60% used [0x00000000c0000000,0x00000000c482de48,0x00000000c7680000)
 Metaspace       used 85876K, committed 87104K, reserved 1179648K
  class space    used 9007K, committed 9536K, reserved 1048576K
}
Event: 6233.668 GC heap after
{Heap after GC invocations=1182 (full 27):
 PSYoungGen      total 6656K, used 1008K [0x00000000eab00000, 0x00000000ebb80000, 0x0000000100000000)
  eden space 5632K, 0% used [0x00000000eab00000,0x00000000eab00000,0x00000000eb080000)
  from space 1024K, 98% used [0x00000000eb080000,0x00000000eb17c070,0x00000000eb180000)
  to   space 5632K, 0% used [0x00000000eb600000,0x00000000eb600000,0x00000000ebb80000)
 ParOldGen       total 121344K, used 77644K [0x00000000c0000000, 0x00000000c7680000, 0x00000000eab00000)
  object space 121344K, 63% used [0x00000000c0000000,0x00000000c4bd30d8,0x00000000c7680000)
 Metaspace       used 85876K, committed 87104K, reserved 1179648K
  class space    used 9007K, committed 9536K, reserved 1048576K
}
Event: 6233.860 GC heap before
{Heap before GC invocations=1183 (full 27):
 PSYoungGen      total 6656K, used 6640K [0x00000000eab00000, 0x00000000ebb80000, 0x0000000100000000)
  eden space 5632K, 99% used [0x00000000eab00000,0x00000000eb07fff0,0x00000000eb080000)
  from space 1024K, 98% used [0x00000000eb080000,0x00000000eb17c070,0x00000000eb180000)
  to   space 5632K, 0% used [0x00000000eb600000,0x00000000eb600000,0x00000000ebb80000)
 ParOldGen       total 121344K, used 77644K [0x00000000c0000000, 0x00000000c7680000, 0x00000000eab00000)
  object space 121344K, 63% used [0x00000000c0000000,0x00000000c4bd30d8,0x00000000c7680000)
 Metaspace       used 85912K, committed 87168K, reserved 1179648K
  class space    used 9010K, committed 9536K, reserved 1048576K
}
Event: 6233.863 GC heap after
{Heap after GC invocations=1183 (full 27):
 PSYoungGen      total 10240K, used 4124K [0x00000000eab00000, 0x00000000eba80000, 0x0000000100000000)
  eden space 5632K, 0% used [0x00000000eab00000,0x00000000eab00000,0x00000000eb080000)
  from space 4608K, 89% used [0x00000000eb600000,0x00000000eba07360,0x00000000eba80000)
  to   space 4608K, 0% used [0x00000000eb180000,0x00000000eb180000,0x00000000eb600000)
 ParOldGen       total 121344K, used 78372K [0x00000000c0000000, 0x00000000c7680000, 0x00000000eab00000)
  object space 121344K, 64% used [0x00000000c0000000,0x00000000c4c89030,0x00000000c7680000)
 Metaspace       used 85912K, committed 87168K, reserved 1179648K
  class space    used 9010K, committed 9536K, reserved 1048576K
}
Event: 6265.295 GC heap before
{Heap before GC invocations=1184 (full 27):
 PSYoungGen      total 10240K, used 9756K [0x00000000eab00000, 0x00000000eba80000, 0x0000000100000000)
  eden space 5632K, 100% used [0x00000000eab00000,0x00000000eb080000,0x00000000eb080000)
  from space 4608K, 89% used [0x00000000eb600000,0x00000000eba07360,0x00000000eba80000)
  to   space 4608K, 0% used [0x00000000eb180000,0x00000000eb180000,0x00000000eb600000)
 ParOldGen       total 121344K, used 78372K [0x00000000c0000000, 0x00000000c7680000, 0x00000000eab00000)
  object space 121344K, 64% used [0x00000000c0000000,0x00000000c4c89030,0x00000000c7680000)
 Metaspace       used 85917K, committed 87168K, reserved 1179648K
  class space    used 9010K, committed 9536K, reserved 1048576K
}
Event: 6265.297 GC heap after
{Heap after GC invocations=1184 (full 27):
 PSYoungGen      total 6656K, used 724K [0x00000000eab00000, 0x00000000eb680000, 0x0000000100000000)
  eden space 5632K, 0% used [0x00000000eab00000,0x00000000eab00000,0x00000000eb080000)
  from space 1024K, 70% used [0x00000000eb180000,0x00000000eb235220,0x00000000eb280000)
  to   space 2048K, 0% used [0x00000000eb480000,0x00000000eb480000,0x00000000eb680000)
 ParOldGen       total 121344K, used 79052K [0x00000000c0000000, 0x00000000c7680000, 0x00000000eab00000)
  object space 121344K, 65% used [0x00000000c0000000,0x00000000c4d33030,0x00000000c7680000)
 Metaspace       used 85917K, committed 87168K, reserved 1179648K
  class space    used 9010K, committed 9536K, reserved 1048576K
}
Event: 6265.335 GC heap before
{Heap before GC invocations=1185 (full 27):
 PSYoungGen      total 6656K, used 6356K [0x00000000eab00000, 0x00000000eb680000, 0x0000000100000000)
  eden space 5632K, 100% used [0x00000000eab00000,0x00000000eb080000,0x00000000eb080000)
  from space 1024K, 70% used [0x00000000eb180000,0x00000000eb235220,0x00000000eb280000)
  to   space 2048K, 0% used [0x00000000eb480000,0x00000000eb480000,0x00000000eb680000)
 ParOldGen       total 121344K, used 79052K [0x00000000c0000000, 0x00000000c7680000, 0x00000000eab00000)
  object space 121344K, 65% used [0x00000000c0000000,0x00000000c4d33030,0x00000000c7680000)
 Metaspace       used 85941K, committed 87232K, reserved 1179648K
  class space    used 9010K, committed 9536K, reserved 1048576K
}
Event: 6265.337 GC heap after
{Heap after GC invocations=1185 (full 27):
 PSYoungGen      total 7168K, used 1276K [0x00000000eab00000, 0x00000000eb600000, 0x0000000100000000)
  eden space 5632K, 0% used [0x00000000eab00000,0x00000000eab00000,0x00000000eb080000)
  from space 1536K, 83% used [0x00000000eb480000,0x00000000eb5bf360,0x00000000eb600000)
  to   space 1536K, 0% used [0x00000000eb300000,0x00000000eb300000,0x00000000eb480000)
 ParOldGen       total 121344K, used 79648K [0x00000000c0000000, 0x00000000c7680000, 0x00000000eab00000)
  object space 121344K, 65% used [0x00000000c0000000,0x00000000c4dc8250,0x00000000c7680000)
 Metaspace       used 85941K, committed 87232K, reserved 1179648K
  class space    used 9010K, committed 9536K, reserved 1048576K
}
Event: 6265.361 GC heap before
{Heap before GC invocations=1186 (full 27):
 PSYoungGen      total 7168K, used 6908K [0x00000000eab00000, 0x00000000eb600000, 0x0000000100000000)
  eden space 5632K, 100% used [0x00000000eab00000,0x00000000eb080000,0x00000000eb080000)
  from space 1536K, 83% used [0x00000000eb480000,0x00000000eb5bf360,0x00000000eb600000)
  to   space 1536K, 0% used [0x00000000eb300000,0x00000000eb300000,0x00000000eb480000)
 ParOldGen       total 121344K, used 79648K [0x00000000c0000000, 0x00000000c7680000, 0x00000000eab00000)
  object space 121344K, 65% used [0x00000000c0000000,0x00000000c4dc8250,0x00000000c7680000)
 Metaspace       used 85948K, committed 87232K, reserved 1179648K
  class space    used 9010K, committed 9536K, reserved 1048576K
}
Event: 6265.362 GC heap after
{Heap after GC invocations=1186 (full 27):
 PSYoungGen      total 6656K, used 730K [0x00000000eab00000, 0x00000000eb500000, 0x0000000100000000)
  eden space 5632K, 0% used [0x00000000eab00000,0x00000000eab00000,0x00000000eb080000)
  from space 1024K, 71% used [0x00000000eb300000,0x00000000eb3b6920,0x00000000eb400000)
  to   space 1024K, 0% used [0x00000000eb400000,0x00000000eb400000,0x00000000eb500000)
 ParOldGen       total 121344K, used 79736K [0x00000000c0000000, 0x00000000c7680000, 0x00000000eab00000)
  object space 121344K, 65% used [0x00000000c0000000,0x00000000c4dde250,0x00000000c7680000)
 Metaspace       used 85948K, committed 87232K, reserved 1179648K
  class space    used 9010K, committed 9536K, reserved 1048576K
}
Event: 6265.383 GC heap before
{Heap before GC invocations=1187 (full 27):
 PSYoungGen      total 6656K, used 6362K [0x00000000eab00000, 0x00000000eb500000, 0x0000000100000000)
  eden space 5632K, 99% used [0x00000000eab00000,0x00000000eb07ffd8,0x00000000eb080000)
  from space 1024K, 71% used [0x00000000eb300000,0x00000000eb3b6920,0x00000000eb400000)
  to   space 1024K, 0% used [0x00000000eb400000,0x00000000eb400000,0x00000000eb500000)
 ParOldGen       total 121344K, used 79736K [0x00000000c0000000, 0x00000000c7680000, 0x00000000eab00000)
  object space 121344K, 65% used [0x00000000c0000000,0x00000000c4dde250,0x00000000c7680000)
 Metaspace       used 85983K, committed 87296K, reserved 1179648K
  class space    used 9010K, committed 9536K, reserved 1048576K
}
Event: 6265.385 GC heap after
{Heap after GC invocations=1187 (full 27):
 PSYoungGen      total 6656K, used 1020K [0x00000000eab00000, 0x00000000eb500000, 0x0000000100000000)
  eden space 5632K, 0% used [0x00000000eab00000,0x00000000eab00000,0x00000000eb080000)
  from space 1024K, 99% used [0x00000000eb400000,0x00000000eb4ff360,0x00000000eb500000)
  to   space 2048K, 0% used [0x00000000eb100000,0x00000000eb100000,0x00000000eb300000)
 ParOldGen       total 121344K, used 80429K [0x00000000c0000000, 0x00000000c7680000, 0x00000000eab00000)
  object space 121344K, 66% used [0x00000000c0000000,0x00000000c4e8b470,0x00000000c7680000)
 Metaspace       used 85983K, committed 87296K, reserved 1179648K
  class space    used 9010K, committed 9536K, reserved 1048576K
}
Event: 6265.583 GC heap before
{Heap before GC invocations=1188 (full 27):
 PSYoungGen      total 6656K, used 6652K [0x00000000eab00000, 0x00000000eb500000, 0x0000000100000000)
  eden space 5632K, 100% used [0x00000000eab00000,0x00000000eb080000,0x00000000eb080000)
  from space 1024K, 99% used [0x00000000eb400000,0x00000000eb4ff360,0x00000000eb500000)
  to   space 2048K, 0% used [0x00000000eb100000,0x00000000eb100000,0x00000000eb300000)
 ParOldGen       total 121344K, used 80429K [0x00000000c0000000, 0x00000000c7680000, 0x00000000eab00000)
  object space 121344K, 66% used [0x00000000c0000000,0x00000000c4e8b470,0x00000000c7680000)
 Metaspace       used 85990K, committed 87296K, reserved 1179648K
  class space    used 9010K, committed 9536K, reserved 1048576K
}
Event: 6265.587 GC heap after
{Heap after GC invocations=1188 (full 27):
 PSYoungGen      total 7680K, used 756K [0x00000000eab00000, 0x00000000eb480000, 0x0000000100000000)
  eden space 5632K, 0% used [0x00000000eab00000,0x00000000eab00000,0x00000000eb080000)
  from space 2048K, 36% used [0x00000000eb100000,0x00000000eb1bd220,0x00000000eb300000)
  to   space 1536K, 0% used [0x00000000eb300000,0x00000000eb300000,0x00000000eb480000)
 ParOldGen       total 121344K, used 80533K [0x00000000c0000000, 0x00000000c7680000, 0x00000000eab00000)
  object space 121344K, 66% used [0x00000000c0000000,0x00000000c4ea5470,0x00000000c7680000)
 Metaspace       used 85990K, committed 87296K, reserved 1179648K
  class space    used 9010K, committed 9536K, reserved 1048576K
}
Event: 6265.615 GC heap before
{Heap before GC invocations=1189 (full 27):
 PSYoungGen      total 7680K, used 6388K [0x00000000eab00000, 0x00000000eb480000, 0x0000000100000000)
  eden space 5632K, 100% used [0x00000000eab00000,0x00000000eb080000,0x00000000eb080000)
  from space 2048K, 36% used [0x00000000eb100000,0x00000000eb1bd220,0x00000000eb300000)
  to   space 1536K, 0% used [0x00000000eb300000,0x00000000eb300000,0x00000000eb480000)
 ParOldGen       total 121344K, used 80533K [0x00000000c0000000, 0x00000000c7680000, 0x00000000eab00000)
  object space 121344K, 66% used [0x00000000c0000000,0x00000000c4ea5470,0x00000000c7680000)
 Metaspace       used 85997K, committed 87296K, reserved 1179648K
  class space    used 9010K, committed 9536K, reserved 1048576K
}
Event: 6265.617 GC heap after
{Heap after GC invocations=1189 (full 27):
 PSYoungGen      total 7168K, used 1180K [0x00000000eab00000, 0x00000000eb480000, 0x0000000100000000)
  eden space 5632K, 0% used [0x00000000eab00000,0x00000000eab00000,0x00000000eb080000)
  from space 1536K, 76% used [0x00000000eb300000,0x00000000eb427360,0x00000000eb480000)
  to   space 1536K, 0% used [0x00000000eb180000,0x00000000eb180000,0x00000000eb300000)
 ParOldGen       total 121344K, used 81129K [0x00000000c0000000, 0x00000000c7680000, 0x00000000eab00000)
  object space 121344K, 66% used [0x00000000c0000000,0x00000000c4f3a690,0x00000000c7680000)
 Metaspace       used 85997K, committed 87296K, reserved 1179648K
  class space    used 9010K, committed 9536K, reserved 1048576K
}
Event: 6266.067 GC heap before
{Heap before GC invocations=1190 (full 27):
 PSYoungGen      total 7168K, used 6812K [0x00000000eab00000, 0x00000000eb480000, 0x0000000100000000)
  eden space 5632K, 100% used [0x00000000eab00000,0x00000000eb080000,0x00000000eb080000)
  from space 1536K, 76% used [0x00000000eb300000,0x00000000eb427360,0x00000000eb480000)
  to   space 1536K, 0% used [0x00000000eb180000,0x00000000eb180000,0x00000000eb300000)
 ParOldGen       total 121344K, used 81129K [0x00000000c0000000, 0x00000000c7680000, 0x00000000eab00000)
  object space 121344K, 66% used [0x00000000c0000000,0x00000000c4f3a690,0x00000000c7680000)
 Metaspace       used 85997K, committed 87296K, reserved 1179648K
  class space    used 9010K, committed 9536K, reserved 1048576K
}
Event: 6266.068 GC heap after
{Heap after GC invocations=1190 (full 27):
 PSYoungGen      total 6656K, used 730K [0x00000000eab00000, 0x00000000eb380000, 0x0000000100000000)
  eden space 5632K, 0% used [0x00000000eab00000,0x00000000eab00000,0x00000000eb080000)
  from space 1024K, 71% used [0x00000000eb180000,0x00000000eb236920,0x00000000eb280000)
  to   space 1024K, 0% used [0x00000000eb280000,0x00000000eb280000,0x00000000eb380000)
 ParOldGen       total 121344K, used 81241K [0x00000000c0000000, 0x00000000c7680000, 0x00000000eab00000)
  object space 121344K, 66% used [0x00000000c0000000,0x00000000c4f56690,0x00000000c7680000)
 Metaspace       used 85997K, committed 87296K, reserved 1179648K
  class space    used 9010K, committed 9536K, reserved 1048576K
}
Event: 6266.089 GC heap before
{Heap before GC invocations=1191 (full 27):
 PSYoungGen      total 6656K, used 6362K [0x00000000eab00000, 0x00000000eb380000, 0x0000000100000000)
  eden space 5632K, 100% used [0x00000000eab00000,0x00000000eb080000,0x00000000eb080000)
  from space 1024K, 71% used [0x00000000eb180000,0x00000000eb236920,0x00000000eb280000)
  to   space 1024K, 0% used [0x00000000eb280000,0x00000000eb280000,0x00000000eb380000)
 ParOldGen       total 121344K, used 81241K [0x00000000c0000000, 0x00000000c7680000, 0x00000000eab00000)
  object space 121344K, 66% used [0x00000000c0000000,0x00000000c4f56690,0x00000000c7680000)
 Metaspace       used 86008K, committed 87296K, reserved 1179648K
  class space    used 9010K, committed 9536K, reserved 1048576K
}
Event: 6266.091 GC heap after
{Heap after GC invocations=1191 (full 27):
 PSYoungGen      total 6656K, used 1015K [0x00000000eab00000, 0x00000000eb380000, 0x0000000100000000)
  eden space 5632K, 0% used [0x00000000eab00000,0x00000000eab00000,0x00000000eb080000)
  from space 1024K, 99% used [0x00000000eb280000,0x00000000eb37dc80,0x00000000eb380000)
  to   space 1024K, 0% used [0x00000000eb180000,0x00000000eb180000,0x00000000eb280000)
 ParOldGen       total 121344K, used 81689K [0x00000000c0000000, 0x00000000c7680000, 0x00000000eab00000)
  object space 121344K, 67% used [0x00000000c0000000,0x00000000c4fc6690,0x00000000c7680000)
 Metaspace       used 86008K, committed 87296K, reserved 1179648K
  class space    used 9010K, committed 9536K, reserved 1048576K
}

